<?xml version="1.0" encoding="UTF-8"?>
<testng-results ignored="0" total="1" passed="1" failed="0" skipped="0">
  <reporter-output>
  </reporter-output>
  <suite started-at="2024-07-04T16:21:09 IST" name="Default suite" finished-at="2024-07-04T16:21:23 IST" duration-ms="13868">
    <groups>
    </groups>
    <test started-at="2024-07-04T16:21:09 IST" name="Default test" finished-at="2024-07-04T16:21:23 IST" duration-ms="13868">
      <class name="test.Facebook">
        <test-method is-config="true" signature="url()[pri:0, instance:test.Facebook@2a7f1f10]" started-at="2024-07-04T16:21:09 IST" name="url" finished-at="2024-07-04T16:21:20 IST" duration-ms="11478" status="PASS">
          <reporter-output>
          </reporter-output>
        </test-method> <!-- url -->
        <test-method signature="t1()[pri:0, instance:test.Facebook@2a7f1f10]" started-at="2024-07-04T16:21:20 IST" name="t1" finished-at="2024-07-04T16:21:22 IST" duration-ms="1980" status="PASS">
          <reporter-output>
          </reporter-output>
        </test-method> <!-- t1 -->
        <test-method is-config="true" signature="end()[pri:0, instance:test.Facebook@2a7f1f10]" started-at="2024-07-04T16:21:22 IST" name="end" finished-at="2024-07-04T16:21:23 IST" duration-ms="348" status="PASS">
          <reporter-output>
          </reporter-output>
        </test-method> <!-- end -->
      </class> <!-- test.Facebook -->
    </test> <!-- Default test -->
  </suite> <!-- Default suite -->
</testng-results>
